#
# A fatal error has been detected by the Java Runtime Environment:
#
#  Internal Error (javaClasses.cpp:136), pid=4932, tid=3560
#  fatal error: Invalid layout of preloaded class
#
# JRE version:  (7.0_67-b01) (build )
# Java VM: Java HotSpot(TM) 64-Bit Server VM (24.65-b04 mixed mode windows-amd64 compressed oops)
# Failed to write core dump. Minidumps are not enabled by default on client versions of Windows
#
# If you would like to submit a bug report, please visit:
#   http://bugreport.sun.com/bugreport/crash.jsp
#

---------------  T H R E A D  ---------------

Current thread (0x00000000025ae000):  JavaThread "Unknown thread" [_thread_in_vm, id=3560, stack(0x00000000026f0000,0x00000000027f0000)]

Stack: [0x00000000026f0000,0x00000000027f0000]
[error occurred during error reporting (printing stack bounds), id 0xc0000005]


---------------  P R O C E S S  ---------------

Java Threads: ( => current thread )

Other Threads:

=>0x00000000025ae000 (exited) JavaThread "Unknown thread" [_thread_in_vm, id=3560, stack(0x00000000026f0000,0x00000000027f0000)]

VM state:not at safepoint (not fully initialized)

VM Mutex/Monitor currently owned by a thread: None

GC Heap History (0 events):
No events

Deoptimization events (0 events):
No events

Internal exceptions (0 events):
No events

Events (10 events):
Event: 0.006 loading class 0x000000000262cec0 done
Event: 0.007 loading class 0x000000000262c8e0 done
Event: 0.007 loading class 0x000000000262c8c0
Event: 0.007 loading class 0x0000000002634a10
Event: 0.007 loading class 0x0000000002634a10 done
Event: 0.007 loading class 0x0000000002634a40
Event: 0.007 loading class 0x0000000002634a40 done
Event: 0.007 loading class 0x0000000002634a70
Event: 0.007 loading class 0x0000000002634a70 done
Event: 0.007 loading class 0x000000000262c8c0 done


Dynamic libraries:
0x000000013fcb0000 - 0x000000013fce3000 	D:\Program Files\Java\jdk1.7.0_67\bin\javaw.exe
0x0000000076d40000 - 0x0000000076ee9000 	C:\Windows\SYSTEM32\ntdll.dll
0x0000000076c20000 - 0x0000000076d3f000 	C:\Windows\system32\kernel32.dll
0x000007fefccf0000 - 0x000007fefcd5c000 	C:\Windows\system32\KERNELBASE.dll
0x000007fefd600000 - 0x000007fefd6db000 	C:\Windows\system32\ADVAPI32.dll
0x000007fefe470000 - 0x000007fefe50f000 	C:\Windows\system32\msvcrt.dll
0x000007fefd2a0000 - 0x000007fefd2bf000 	C:\Windows\SYSTEM32\sechost.dll
0x000007fefd4d0000 - 0x000007fefd5fd000 	C:\Windows\system32\RPCRT4.dll
0x0000000076b20000 - 0x0000000076c1a000 	C:\Windows\system32\USER32.dll
0x000007fefcec0000 - 0x000007fefcf27000 	C:\Windows\system32\GDI32.dll
0x000007feff040000 - 0x000007feff04e000 	C:\Windows\system32\LPK.dll
0x000007fefeeb0000 - 0x000007fefef79000 	C:\Windows\system32\USP10.dll
0x000007fefb500000 - 0x000007fefb6f4000 	C:\Windows\WinSxS\amd64_microsoft.windows.common-controls_6595b64144ccf1df_6.0.7601.17514_none_fa396087175ac9ac\COMCTL32.dll
0x000007fefd3b0000 - 0x000007fefd421000 	C:\Windows\system32\SHLWAPI.dll
0x000007fefe510000 - 0x000007fefe53e000 	C:\Windows\system32\IMM32.DLL
0x000007fefeda0000 - 0x000007fefeea9000 	C:\Windows\system32\MSCTF.dll
0x0000000061b40000 - 0x0000000061c12000 	D:\Program Files\Java\jdk1.7.0_67\jre\bin\msvcr100.dll
0x0000000061c20000 - 0x00000000623f2000 	D:\Program Files\Java\jdk1.7.0_67\jre\bin\server\jvm.dll
0x000007fefb750000 - 0x000007fefb759000 	C:\Windows\system32\WSOCK32.dll
0x000007fefe620000 - 0x000007fefe66d000 	C:\Windows\system32\WS2_32.dll
0x000007fefd2c0000 - 0x000007fefd2c8000 	C:\Windows\system32\NSI.dll
0x000007fefa720000 - 0x000007fefa75b000 	C:\Windows\system32\WINMM.dll
0x0000000076f00000 - 0x0000000076f07000 	C:\Windows\system32\PSAPI.DLL
0x0000000065d60000 - 0x0000000065d6f000 	D:\Program Files\Java\jdk1.7.0_67\jre\bin\verify.dll
0x0000000065d30000 - 0x0000000065d58000 	D:\Program Files\Java\jdk1.7.0_67\jre\bin\java.dll
0x0000000061b20000 - 0x0000000061b35000 	D:\Program Files\Java\jdk1.7.0_67\jre\bin\zip.dll

VM Arguments:
jvm_args: -Dfile.encoding=UTF-8 -Xbootclasspath:D:\adt-bundle-windows-x86_64-20140702\sdk\platforms\android-16\android.jar 
java_command: readmd.Test
Launcher Type: SUN_STANDARD

Environment Variables:
JAVA_HOME=D:\Program Files\Java\jdk1.7.0_67
PATH=D:/Program Files/Java/jdk1.7.0_67/bin/../jre/bin/server;D:/Program Files/Java/jdk1.7.0_67/bin/../jre/bin;D:/Program Files/Java/jdk1.7.0_67/bin/../jre/lib/amd64;.;D:\Program Files\Java\jdk1.7.0_67\bin;C:\Windows\system32;C:\Windows;C:\Windows\System32\Wbem;C:\Windows\System32\WindowsPowerShell\v1.0\;C:\Program Files (x86)\Windows7Master;D:\adt-bundle-windows-x86_64-20140702\eclipse;
USERNAME=Administrator
OS=Windows_NT
PROCESSOR_IDENTIFIER=Intel64 Family 6 Model 60 Stepping 3, GenuineIntel



---------------  S Y S T E M  ---------------

OS: Windows 7 , 64 bit Build 7601 Service Pack 1

CPU:total 4 (2 cores per cpu, 2 threads per core) family 6 model 60 stepping 3, cmov, cx8, fxsr, mmx, sse, sse2, sse3, ssse3, sse4.1, sse4.2, popcnt, avx, avx2, aes, erms, ht, tsc, tscinvbit

Memory: 4k page, physical 8257488k(3239232k free), swap 16513112k(9664828k free)

vm_info: Java HotSpot(TM) 64-Bit Server VM (24.65-b04) for windows-amd64 JRE (1.7.0_67-b01), built on Jul 25 2014 08:55:00 by "java_re" with unknown MS VC++:1600

time: Tue Jan 13 13:14:57 2015
elapsed time: 0 seconds

